\BOOKMARK [0][-]{dummy.1}{\376\377\000A\000b\000s\000t\000r\000a\000c\000t}{}% 1
\BOOKMARK [0][-]{chapter*.2}{\376\377\000P\000u\000b\000l\000i\000c\000a\000t\000i\000o\000n\000\040\000l\000i\000s\000t}{}% 2
\BOOKMARK [0][-]{dummy.3}{\376\377\000A\000c\000k\000n\000o\000w\000l\000e\000d\000g\000e\000m\000e\000n\000t\000s}{}% 3
\BOOKMARK [0][-]{dummy.5}{\376\377\000L\000i\000s\000t\000\040\000o\000f\000\040\000F\000i\000g\000u\000r\000e\000s}{}% 4
\BOOKMARK [0][-]{dummy.7}{\376\377\000L\000i\000s\000t\000\040\000o\000f\000\040\000T\000a\000b\000l\000e\000s}{}% 5
\BOOKMARK [0][-]{dummy.9}{\376\377\000L\000i\000s\000t\000\040\000o\000f\000\040\000A\000b\000b\000r\000e\000v\000i\000a\000t\000i\000o\000n\000s}{}% 6
\BOOKMARK [0][-]{chapter.12}{\376\377\0001\000\040\000I\000n\000t\000r\000o\000d\000u\000c\000t\000i\000o\000n}{}% 7
\BOOKMARK [1][-]{section.13}{\376\377\0001\000.\0001\000\040\000E\000v\000i\000d\000e\000n\000c\000e\000\040\000f\000o\000r\000\040\000d\000a\000r\000k\000\040\000m\000a\000t\000t\000e\000r}{chapter.12}% 8
\BOOKMARK [2][-]{subsection.14}{\376\377\0001\000.\0001\000.\0001\000\040\000G\000a\000l\000a\000x\000y\000\040\000r\000o\000t\000a\000t\000i\000o\000n}{section.13}% 9
\BOOKMARK [2][-]{subsection.16}{\376\377\0001\000.\0001\000.\0002\000\040\000G\000a\000l\000a\000x\000y\000\040\000c\000l\000u\000s\000t\000e\000r\000s}{section.13}% 10
\BOOKMARK [2][-]{subsection.18}{\376\377\0001\000.\0001\000.\0003\000\040\000C\000o\000s\000m\000o\000l\000o\000g\000y}{section.13}% 11
\BOOKMARK [2][-]{subsection.20}{\376\377\0001\000.\0001\000.\0004\000\040\000S\000i\000m\000u\000l\000a\000t\000i\000o\000n\000s}{section.13}% 12
\BOOKMARK [1][-]{section.21}{\376\377\0001\000.\0002\000\040\000C\000a\000n\000d\000i\000d\000a\000t\000e\000s\000\040\000f\000o\000r\000\040\000d\000a\000r\000k\000\040\000m\000a\000t\000t\000e\000r}{chapter.12}% 13
\BOOKMARK [2][-]{subsection.22}{\376\377\0001\000.\0002\000.\0001\000\040\000N\000o\000n\000-\000p\000a\000r\000t\000i\000c\000l\000e\000\040\000d\000a\000r\000k\000\040\000m\000a\000t\000t\000e\000r}{section.21}% 14
\BOOKMARK [2][-]{subsection.24}{\376\377\0001\000.\0002\000.\0002\000\040\000N\000e\000u\000t\000r\000i\000n\000o\000s}{section.21}% 15
\BOOKMARK [2][-]{subsection.27}{\376\377\0001\000.\0002\000.\0003\000\040\000W\000I\000M\000P\000s}{section.21}% 16
\BOOKMARK [2][-]{subsection.34}{\376\377\0001\000.\0002\000.\0004\000\040\000A\000x\000i\000o\000n\000s\000\040\000a\000n\000d\000\040\000a\000x\000i\000o\000n\000-\000l\000i\000k\000e\000\040\000p\000a\000r\000t\000i\000c\000l\000e\000s}{section.21}% 17
\BOOKMARK [1][-]{section.37}{\376\377\0001\000.\0003\000\040\000D\000e\000t\000e\000c\000t\000i\000n\000g\000\040\000d\000a\000r\000k\000\040\000m\000a\000t\000t\000e\000r}{chapter.12}% 18
\BOOKMARK [2][-]{subsection.39}{\376\377\0001\000.\0003\000.\0001\000\040\000D\000i\000r\000e\000c\000t\000\040\000d\000e\000t\000e\000c\000t\000i\000o\000n}{section.37}% 19
\BOOKMARK [2][-]{subsection.41}{\376\377\0001\000.\0003\000.\0002\000\040\000I\000n\000d\000i\000r\000e\000c\000t\000\040\000d\000e\000t\000e\000c\000t\000i\000o\000n}{section.37}% 20
\BOOKMARK [2][-]{subsection.42}{\376\377\0001\000.\0003\000.\0003\000\040\000C\000o\000l\000l\000i\000d\000e\000r\000s}{section.37}% 21
\BOOKMARK [2][-]{subsection.44}{\376\377\0001\000.\0003\000.\0004\000\040\000O\000t\000h\000e\000r\000\040\000i\000n\000t\000e\000r\000a\000c\000t\000i\000o\000n\000s}{section.37}% 22
\BOOKMARK [2][-]{subsection.45}{\376\377\0001\000.\0003\000.\0005\000\040\000A\000x\000i\000o\000n\000\040\000e\000x\000p\000e\000r\000i\000m\000e\000n\000t\000s}{section.37}% 23
\BOOKMARK [1][-]{section.47}{\376\377\0001\000.\0004\000\040\000S\000u\000m\000m\000a\000r\000y}{chapter.12}% 24
\BOOKMARK [0][-]{chapter.48}{\376\377\0002\000\040\000W\000I\000M\000P\000\040\000D\000i\000r\000e\000c\000t\000\040\000d\000e\000t\000e\000c\000t\000i\000o\000n}{}% 25
\BOOKMARK [1][-]{section.49}{\376\377\0002\000.\0001\000\040\000W\000I\000M\000P\000-\000n\000u\000c\000l\000e\000u\000s\000\040\000i\000n\000t\000e\000r\000a\000c\000t\000i\000o\000n}{chapter.48}% 26
\BOOKMARK [2][-]{subsection.50}{\376\377\0002\000.\0001\000.\0001\000\040\000S\000c\000a\000t\000t\000e\000r\000i\000n\000g\000\040\000r\000a\000t\000e}{section.49}% 27
\BOOKMARK [2][-]{subsection.56}{\376\377\0002\000.\0001\000.\0002\000\040\000C\000r\000o\000s\000s\000\040\000s\000e\000c\000t\000i\000o\000n\000s}{section.49}% 28
\BOOKMARK [2][-]{subsection.72}{\376\377\0002\000.\0001\000.\0003\000\040\000F\000o\000r\000m\000\040\000f\000a\000c\000t\000o\000r\000s}{section.49}% 29
\BOOKMARK [2][-]{subsection.79}{\376\377\0002\000.\0001\000.\0004\000\040\000D\000e\000t\000e\000c\000t\000o\000r\000\040\000e\000f\000f\000e\000c\000t\000s}{section.49}% 30
\BOOKMARK [1][-]{section.83}{\376\377\0002\000.\0002\000\040\000W\000I\000M\000P\000s\000\040\000i\000n\000\040\000t\000h\000e\000\040\000M\000i\000l\000k\000y\000\040\000W\000a\000y}{chapter.48}% 31
\BOOKMARK [2][-]{subsection.84}{\376\377\0002\000.\0002\000.\0001\000\040\000L\000o\000c\000a\000l\000\040\000d\000e\000n\000s\000i\000t\000y}{section.83}% 32
\BOOKMARK [2][-]{subsection.85}{\376\377\0002\000.\0002\000.\0002\000\040\000L\000a\000b\000o\000r\000a\000t\000o\000r\000y\000\040\000v\000e\000l\000o\000c\000i\000t\000y}{section.83}% 33
\BOOKMARK [2][-]{subsection.90}{\376\377\0002\000.\0002\000.\0003\000\040\000V\000e\000l\000o\000c\000i\000t\000y\000\040\000d\000i\000s\000t\000r\000i\000b\000u\000t\000i\000o\000n}{section.83}% 34
\BOOKMARK [1][-]{section.102}{\376\377\0002\000.\0003\000\040\000E\000x\000p\000e\000r\000i\000m\000e\000n\000t\000s}{chapter.48}% 35
\BOOKMARK [2][-]{subsection.103}{\376\377\0002\000.\0003\000.\0001\000\040\000B\000a\000c\000k\000g\000r\000o\000u\000n\000d\000s}{section.102}% 36
\BOOKMARK [2][-]{subsection.104}{\376\377\0002\000.\0003\000.\0002\000\040\000C\000u\000r\000r\000e\000n\000t\000\040\000e\000x\000p\000e\000r\000i\000m\000e\000n\000t\000s}{section.102}% 37
\BOOKMARK [2][-]{subsection.111}{\376\377\0002\000.\0003\000.\0003\000\040\000F\000u\000t\000u\000r\000e\000\040\000e\000x\000p\000e\000r\000i\000m\000e\000n\000t\000s}{section.102}% 38
\BOOKMARK [1][-]{section.112}{\376\377\0002\000.\0004\000\040\000S\000u\000m\000m\000a\000r\000y}{chapter.48}% 39
\BOOKMARK [0][-]{chapter.113}{\376\377\0003\000\040\000D\000i\000r\000e\000c\000t\000i\000o\000n\000a\000l\000\040\000d\000e\000t\000e\000c\000t\000i\000o\000n}{}% 40
\BOOKMARK [1][-]{section.114}{\376\377\0003\000.\0001\000\040\000I\000n\000t\000r\000o\000d\000u\000c\000t\000i\000o\000n}{chapter.113}% 41
\BOOKMARK [1][-]{section.115}{\376\377\0003\000.\0002\000\040\000D\000i\000r\000e\000c\000t\000i\000o\000n\000a\000l\000\040\000d\000e\000t\000e\000c\000t\000i\000o\000n\000\040\000f\000o\000r\000m\000a\000l\000i\000s\000m}{chapter.113}% 42
\BOOKMARK [2][-]{subsection.116}{\376\377\0003\000.\0002\000.\0001\000\040\000R\000a\000t\000e\000\040\000c\000a\000l\000c\000u\000l\000a\000t\000i\000o\000n}{section.115}% 43
\BOOKMARK [2][-]{subsection.125}{\376\377\0003\000.\0002\000.\0002\000\040\000R\000e\000s\000u\000l\000t\000i\000n\000g\000\040\000s\000i\000g\000n\000a\000l\000s}{section.115}% 44
\BOOKMARK [2][-]{subsection.127}{\376\377\0003\000.\0002\000.\0003\000\040\000E\000x\000p\000e\000r\000i\000m\000e\000n\000t\000s}{section.115}% 45
\BOOKMARK [1][-]{section.129}{\376\377\0003\000.\0003\000\040\000D\000e\000t\000e\000c\000t\000i\000n\000g\000\040\000s\000t\000r\000e\000a\000m\000s}{chapter.113}% 46
\BOOKMARK [2][-]{subsection.130}{\376\377\0003\000.\0003\000.\0001\000\040\000S\000t\000r\000e\000a\000m\000\040\000m\000o\000d\000e\000l}{section.129}% 47
\BOOKMARK [2][-]{subsection.135}{\376\377\0003\000.\0003\000.\0002\000\040\000N\000o\000n\000-\000p\000a\000r\000a\000m\000e\000t\000r\000i\000c\000\040\000s\000t\000a\000t\000i\000s\000t\000i\000c\000s}{section.129}% 48
\BOOKMARK [2][-]{subsection.142}{\376\377\0003\000.\0003\000.\0003\000\040\000L\000i\000k\000e\000l\000i\000h\000o\000o\000d\000\040\000a\000n\000a\000l\000y\000s\000i\000s}{section.129}% 49
\BOOKMARK [2][-]{subsection.155}{\376\377\0003\000.\0003\000.\0004\000\040\000D\000i\000s\000c\000u\000s\000s\000i\000o\000n}{section.129}% 50
\BOOKMARK [1][-]{section.156}{\376\377\0003\000.\0004\000\040\000R\000e\000c\000o\000n\000s\000t\000r\000u\000c\000t\000i\000n\000g\000\040\000t\000h\000e\000\040\000v\000e\000l\000o\000c\000i\000t\000y\000\040\000d\000i\000s\000t\000r\000i\000b\000u\000t\000i\000o\000n}{chapter.113}% 51
\BOOKMARK [2][-]{subsection.158}{\376\377\0003\000.\0004\000.\0001\000\040\000E\000m\000p\000i\000r\000i\000c\000a\000l\000\040\000p\000a\000r\000a\000m\000e\000t\000e\000r\000i\000s\000a\000t\000i\000o\000n}{section.156}% 52
\BOOKMARK [2][-]{subsection.162}{\376\377\0003\000.\0004\000.\0002\000\040\000W\000I\000M\000P\000\040\000m\000a\000s\000s\000\040\000a\000n\000d\000\040\000c\000r\000o\000s\000s\000\040\000s\000e\000c\000t\000i\000o\000n}{section.156}% 53
\BOOKMARK [2][-]{subsection.164}{\376\377\0003\000.\0004\000.\0003\000\040\000V\000e\000l\000o\000c\000i\000t\000y\000\040\000d\000i\000s\000t\000r\000i\000b\000u\000t\000i\000o\000n\000\040\000s\000h\000a\000p\000e}{section.156}% 54
\BOOKMARK [2][-]{subsection.172}{\376\377\0003\000.\0004\000.\0004\000\040\000V\000e\000l\000o\000c\000i\000t\000y\000\040\000p\000a\000r\000a\000m\000e\000t\000e\000r\000s}{section.156}% 55
\BOOKMARK [2][-]{subsection.176}{\376\377\0003\000.\0004\000.\0005\000\040\000F\000o\000l\000d\000e\000d\000\040\000r\000e\000c\000o\000n\000s\000t\000r\000u\000c\000t\000i\000o\000n\000s}{section.156}% 56
\BOOKMARK [2][-]{subsection.179}{\376\377\0003\000.\0004\000.\0006\000\040\000S\000u\000m\000m\000a\000r\000y}{section.156}% 57
\BOOKMARK [1][-]{section.180}{\376\377\0003\000.\0005\000\040\000F\000i\000n\000a\000l\000\040\000r\000e\000m\000a\000r\000k\000s}{chapter.113}% 58
\BOOKMARK [0][-]{chapter.181}{\376\377\0004\000\040\000W\000I\000M\000P\000s\000\040\000a\000n\000d\000\040\000n\000e\000u\000t\000r\000i\000n\000o\000s}{}% 59
\BOOKMARK [1][-]{section.182}{\376\377\0004\000.\0001\000\040\000I\000n\000t\000r\000o\000d\000u\000c\000t\000i\000o\000n}{chapter.181}% 60
\BOOKMARK [1][-]{section.183}{\376\377\0004\000.\0002\000\040\000T\000h\000e\000\040\000n\000e\000u\000t\000r\000i\000n\000o\000\040\000b\000a\000c\000k\000g\000r\000o\000u\000n\000d}{chapter.181}% 61
\BOOKMARK [2][-]{subsection.184}{\376\377\0004\000.\0002\000.\0001\000\040\000F\000l\000u\000x\000e\000s}{section.183}% 62
\BOOKMARK [2][-]{subsection.194}{\376\377\0004\000.\0002\000.\0002\000\040\000C\000o\000h\000e\000r\000e\000n\000t\000\040\000n\000e\000u\000t\000r\000i\000n\000o\000-\000n\000u\000c\000l\000e\000u\000s\000\040\000e\000l\000a\000s\000t\000i\000c\000\040\000s\000c\000a\000t\000t\000e\000r\000i\000n\000g}{section.183}% 63
\BOOKMARK [2][-]{subsection.206}{\376\377\0004\000.\0002\000.\0003\000\040\000R\000e\000s\000u\000l\000t\000i\000n\000g\000\040\000s\000i\000g\000n\000a\000l\000s}{section.183}% 64
\BOOKMARK [1][-]{section.210}{\376\377\0004\000.\0003\000\040\000T\000h\000e\000\040\000n\000e\000u\000t\000r\000i\000n\000o\000\040\000f\000l\000o\000o\000r}{chapter.181}% 65
\BOOKMARK [2][-]{subsection.211}{\376\377\0004\000.\0003\000.\0001\000\040\000D\000i\000s\000c\000o\000v\000e\000r\000y\000\040\000l\000i\000m\000i\000t\000s}{section.210}% 66
\BOOKMARK [2][-]{subsection.216}{\376\377\0004\000.\0003\000.\0002\000\040\000N\000e\000u\000t\000r\000i\000n\000o\000\040\000f\000l\000u\000x\000\040\000u\000n\000c\000e\000r\000t\000a\000i\000n\000t\000i\000e\000s}{section.210}% 67
\BOOKMARK [2][-]{subsection.219}{\376\377\0004\000.\0003\000.\0003\000\040\000A\000s\000t\000r\000o\000p\000h\000y\000s\000i\000c\000a\000l\000\040\000u\000n\000c\000e\000r\000t\000a\000i\000n\000t\000i\000e\000s}{section.210}% 68
\BOOKMARK [2][-]{subsection.225}{\376\377\0004\000.\0003\000.\0004\000\040\000F\000u\000t\000u\000r\000e\000\040\000d\000e\000t\000e\000c\000t\000o\000r\000s}{section.210}% 69
\BOOKMARK [2][-]{subsection.227}{\376\377\0004\000.\0003\000.\0005\000\040\000P\000a\000r\000a\000m\000e\000t\000e\000r\000\040\000c\000o\000n\000s\000t\000r\000a\000i\000n\000t\000s}{section.210}% 70
\BOOKMARK [1][-]{section.229}{\376\377\0004\000.\0004\000\040\000C\000i\000r\000c\000u\000m\000v\000e\000n\000t\000i\000n\000g\000\040\000t\000h\000e\000\040\000n\000e\000u\000t\000r\000i\000n\000o\000\040\000f\000l\000o\000o\000r}{chapter.181}% 71
\BOOKMARK [2][-]{subsection.230}{\376\377\0004\000.\0004\000.\0001\000\040\000T\000i\000m\000e\000\040\000d\000e\000p\000e\000n\000d\000e\000n\000c\000e}{section.229}% 72
\BOOKMARK [2][-]{subsection.232}{\376\377\0004\000.\0004\000.\0002\000\040\000D\000i\000r\000e\000c\000t\000i\000o\000n\000\040\000d\000e\000p\000e\000n\000d\000e\000n\000c\000e}{section.229}% 73
\BOOKMARK [2][-]{subsection.241}{\376\377\0004\000.\0004\000.\0003\000\040\000N\000o\000n\000-\000i\000d\000e\000a\000l\000\040\000d\000e\000t\000e\000c\000t\000o\000r\000s}{section.229}% 74
\BOOKMARK [2][-]{subsection.250}{\376\377\0004\000.\0004\000.\0004\000\040\000C\000o\000n\000c\000l\000u\000s\000i\000o\000n\000s}{section.229}% 75
\BOOKMARK [1][-]{section.251}{\376\377\0004\000.\0005\000\040\000F\000u\000t\000u\000r\000e\000\040\000s\000t\000r\000a\000t\000e\000g\000i\000e\000s}{chapter.181}% 76
\BOOKMARK [0][-]{chapter.252}{\376\377\0005\000\040\000A\000x\000i\000o\000n\000s}{}% 77
\BOOKMARK [1][-]{section.253}{\376\377\0005\000.\0001\000\040\000I\000n\000t\000r\000o\000d\000u\000c\000t\000i\000o\000n}{chapter.252}% 78
\BOOKMARK [1][-]{section.254}{\376\377\0005\000.\0002\000\040\000B\000a\000c\000k\000g\000r\000o\000u\000n\000d}{chapter.252}% 79
\BOOKMARK [2][-]{subsection.255}{\376\377\0005\000.\0002\000.\0001\000\040\000Q\000C\000D\000\040\000a\000x\000i\000o\000n\000s}{section.254}% 80
\BOOKMARK [2][-]{subsection.264}{\376\377\0005\000.\0002\000.\0002\000\040\000A\000x\000i\000o\000n\000-\000l\000i\000k\000e\000\040\000p\000a\000r\000t\000i\000c\000l\000e\000s}{section.254}% 81
\BOOKMARK [2][-]{subsection.266}{\376\377\0005\000.\0002\000.\0003\000\040\000A\000x\000i\000o\000n\000s\000\040\000a\000n\000d\000\040\000A\000L\000P\000s\000\040\000a\000s\000\040\000d\000a\000r\000k\000\040\000m\000a\000t\000t\000e\000r}{section.254}% 82
\BOOKMARK [2][-]{subsection.269}{\376\377\0005\000.\0002\000.\0004\000\040\000C\000o\000n\000s\000t\000r\000a\000i\000n\000t\000s\000\040\000o\000n\000\040\000a\000x\000i\000o\000n\000s}{section.254}% 83
\BOOKMARK [1][-]{section.272}{\376\377\0005\000.\0003\000\040\000S\000i\000m\000u\000l\000a\000t\000i\000n\000g\000\040\000a\000\040\000h\000a\000l\000o\000s\000c\000o\000p\000e\000\040\000e\000x\000p\000e\000r\000i\000m\000e\000n\000t}{chapter.252}% 84
\BOOKMARK [2][-]{subsection.273}{\376\377\0005\000.\0003\000.\0001\000\040\000A\000x\000i\000o\000n\000s\000\040\000i\000n\000\040\000a\000\040\000m\000a\000g\000n\000e\000t\000i\000c\000\040\000f\000i\000e\000l\000d}{section.272}% 85
\BOOKMARK [2][-]{subsection.286}{\376\377\0005\000.\0003\000.\0002\000\040\000R\000e\000s\000o\000n\000a\000n\000c\000e\000\040\000p\000o\000w\000e\000r}{section.272}% 86
\BOOKMARK [2][-]{subsection.297}{\376\377\0005\000.\0003\000.\0003\000\040\000M\000o\000c\000k\000\040\000e\000x\000p\000e\000r\000i\000m\000e\000n\000t}{section.272}% 87
\BOOKMARK [1][-]{section.303}{\376\377\0005\000.\0004\000\040\000A\000x\000i\000o\000n\000\040\000a\000s\000t\000r\000o\000n\000o\000m\000y}{chapter.252}% 88
\BOOKMARK [2][-]{subsection.304}{\376\377\0005\000.\0004\000.\0001\000\040\000R\000e\000c\000o\000n\000s\000t\000r\000u\000c\000t\000i\000n\000g\000\040\000b\000a\000s\000i\000c\000\040\000p\000a\000r\000a\000m\000e\000t\000e\000r\000s}{section.303}% 89
\BOOKMARK [2][-]{subsection.308}{\376\377\0005\000.\0004\000.\0002\000\040\000N\000-\000b\000o\000d\000y\000\040\000d\000a\000t\000a}{section.303}% 90
\BOOKMARK [2][-]{subsection.313}{\376\377\0005\000.\0004\000.\0003\000\040\000A\000x\000i\000o\000n\000\040\000m\000i\000n\000i\000c\000l\000u\000s\000t\000e\000r\000s}{section.303}% 91
\BOOKMARK [1][-]{section.320}{\376\377\0005\000.\0005\000\040\000S\000u\000m\000m\000a\000r\000y}{chapter.252}% 92
\BOOKMARK [0][-]{chapter.321}{\376\377\0006\000\040\000C\000o\000n\000c\000l\000u\000s\000i\000o\000n\000s}{}% 93
\BOOKMARK [0][-]{appendix.322}{\376\377\000A\000\040\000L\000a\000b\000o\000r\000a\000t\000o\000r\000y\000\040\000v\000e\000l\000o\000c\000i\000t\000y}{}% 94
\BOOKMARK [0][-]{appendix.334}{\376\377\000B\000\040\000S\000p\000h\000e\000r\000i\000c\000a\000l\000\040\000s\000t\000a\000t\000i\000s\000t\000i\000c\000s}{}% 95
\BOOKMARK [0][-]{appendix.343}{\376\377\000C\000\040\000S\000c\000a\000t\000t\000e\000r\000i\000n\000g\000\040\000s\000i\000m\000u\000l\000a\000t\000i\000o\000n}{}% 96
\BOOKMARK [0][-]{appendix.346}{\376\377\000D\000\040\000S\000o\000l\000a\000r\000\040\000p\000o\000s\000i\000t\000i\000o\000n}{}% 97
\BOOKMARK [0][-]{appendix.350}{\376\377\000E\000\040\000P\000r\000o\000f\000i\000l\000e\000\040\000l\000i\000k\000e\000l\000i\000h\000o\000o\000d\000\040\000r\000a\000t\000i\000o\000\040\000t\000e\000s\000t}{}% 98
\BOOKMARK [0][-]{appendix.354}{\376\377\000F\000\040\000A\000l\000t\000e\000r\000n\000a\000t\000i\000v\000e\000\040\000s\000p\000e\000e\000d\000\040\000d\000i\000s\000t\000r\000i\000b\000u\000t\000i\000o\000n\000s}{}% 99
\BOOKMARK [0][-]{dummy.358}{\376\377\000B\000i\000b\000l\000i\000o\000g\000r\000a\000p\000h\000y}{}% 100
